<?xml version="1.0" encoding="UTF-8"?>
<!-- Generated by org.testng.reporters.JUnitXMLReporter -->
<testsuite hostname="DESKTOP-T998RO5" ignored="0" name="test1" tests="5" failures="0" timestamp="2023-01-05T13:07:13 IST" time="0.09" errors="0">
  <testcase name="test1" time="0.012" classname="p1.Class1"/>
  <testcase name="test2" time="0.003" classname="p2.Class2"/>
  <testcase name="test3" time="0.003" classname="p2.Class2"/>
  <testcase name="test4" time="0.003" classname="p2.Class2"/>
  <testcase name="test5" time="0.001" classname="p2.Class2"/>
</testsuite> <!-- test1 -->
