<?xml version="1.0" encoding="UTF-8"?>
<testng-results skipped="0" failed="0" ignored="0" total="5" passed="5">
  <reporter-output>
    <line>
      <![CDATA[tc1 executed]]>
    </line>
    <line>
      <![CDATA[tc2 executed]]>
    </line>
    <line>
      <![CDATA[tc3 executed]]>
    </line>
    <line>
      <![CDATA[tc4 executed]]>
    </line>
    <line>
      <![CDATA[tc5 executed]]>
    </line>
  </reporter-output>
  <suite name="suite1" duration-ms="90" started-at="2023-01-05T13:07:13 IST" finished-at="2023-01-05T13:07:13 IST">
    <groups>
    </groups>
    <test name="test1" duration-ms="90" started-at="2023-01-05T13:07:13 IST" finished-at="2023-01-05T13:07:13 IST">
      <class name="p2.Class2">
        <test-method status="PASS" signature="test2()[pri:0, instance:p2.Class2@2f943d71]" name="test2" duration-ms="3" started-at="2023-01-05T13:07:13 IST" finished-at="2023-01-05T13:07:13 IST">
          <reporter-output>
            <line>
              <![CDATA[tc2 executed]]>
            </line>
          </reporter-output>
        </test-method> <!-- test2 -->
        <test-method status="PASS" signature="test3()[pri:0, instance:p2.Class2@2f943d71]" name="test3" duration-ms="3" started-at="2023-01-05T13:07:13 IST" finished-at="2023-01-05T13:07:13 IST">
          <reporter-output>
            <line>
              <![CDATA[tc3 executed]]>
            </line>
          </reporter-output>
        </test-method> <!-- test3 -->
        <test-method status="PASS" signature="test4()[pri:0, instance:p2.Class2@2f943d71]" name="test4" duration-ms="3" started-at="2023-01-05T13:07:13 IST" finished-at="2023-01-05T13:07:13 IST">
          <reporter-output>
            <line>
              <![CDATA[tc4 executed]]>
            </line>
          </reporter-output>
        </test-method> <!-- test4 -->
        <test-method status="PASS" signature="test5()[pri:0, instance:p2.Class2@2f943d71]" name="test5" duration-ms="1" started-at="2023-01-05T13:07:13 IST" finished-at="2023-01-05T13:07:13 IST">
          <reporter-output>
            <line>
              <![CDATA[tc5 executed]]>
            </line>
          </reporter-output>
        </test-method> <!-- test5 -->
      </class> <!-- p2.Class2 -->
      <class name="p1.Class1">
        <test-method status="PASS" signature="test1()[pri:0, instance:p1.Class1@528931cf]" name="test1" duration-ms="12" started-at="2023-01-05T13:07:13 IST" finished-at="2023-01-05T13:07:13 IST">
          <reporter-output>
            <line>
              <![CDATA[tc1 executed]]>
            </line>
          </reporter-output>
        </test-method> <!-- test1 -->
      </class> <!-- p1.Class1 -->
    </test> <!-- test1 -->
  </suite> <!-- suite1 -->
</testng-results>
