<?xml version="1.0" encoding="UTF-8"?>
<!-- Generated by org.testng.reporters.JUnitXMLReporter -->
<testsuite hostname="DESKTOP-T998RO5" ignored="0" name="Default test" tests="4" failures="0" timestamp="2023-01-05T12:43:41 IST" time="0.092" errors="0">
  <testcase name="test2" time="0.012" classname="p2.Class2"/>
  <testcase name="test3" time="0.003" classname="p2.Class2"/>
  <testcase name="test4" time="0.004" classname="p2.Class2"/>
  <testcase name="test5" time="0.005" classname="p2.Class2"/>
</testsuite> <!-- Default test -->
